<?xml version="1.0" encoding="UTF-8"?>
<!-- Generated by org.testng.reporters.JUnitReportReporter -->
<testsuite hostname="DESKTOP-HQFB8MF" failures="0" tests="1" name="testcasestestng.TC4_AddProduct" time="17.226" errors="0" timestamp="2025-07-16T08:58:52 IST" skipped="0">
  <testcase classname="testcasestestng.TC4_AddProduct" name="addproduct" time="17.226"/>
  <system-out>
    <![CDATA[DB Connectivity established
preconditions]]>
  </system-out>
</testsuite> <!-- testcasestestng.TC4_AddProduct -->
