<?xml version="1.0" encoding="UTF-8"?>
<!-- Generated by org.testng.reporters.JUnitReportReporter -->
<testsuite hostname="DESKTOP-HQFB8MF" failures="0" tests="1" name="testcasestestng.TC4_AddProductTest" time="11.495" errors="0" timestamp="2025-07-26T07:16:35 IST" skipped="0">
  <testcase classname="testcasestestng.TC4_AddProductTest" name="addproduct" time="11.495"/>
  <system-out>
    <![CDATA[DB Connectivity established
preconditions]]>
  </system-out>
</testsuite> <!-- testcasestestng.TC4_AddProductTest -->
