<?xml version="1.0" encoding="UTF-8"?>
<!-- Generated by org.testng.reporters.JUnitReportReporter -->
<testsuite hostname="DESKTOP-HQFB8MF" failures="0" tests="1" name="testcasestestng.TC03_CampaignCreationWithStatusFieldTest" time="10.776" errors="0" timestamp="2025-07-26T07:15:42 IST" skipped="0">
  <testcase classname="testcasestestng.TC03_CampaignCreationWithStatusFieldTest" name="createcampaign" time="10.776"/>
  <system-out>
    <![CDATA[report configuration
DB Connectivity established
preconditions]]>
  </system-out>
</testsuite> <!-- testcasestestng.TC03_CampaignCreationWithStatusFieldTest -->
