<?xml version="1.0" encoding="UTF-8"?>
<!-- Generated by org.testng.reporters.JUnitReportReporter -->
<testsuite hostname="DESKTOP-HQFB8MF" failures="0" tests="1" name="testcasestestng.TC03_CampaignCreationWithStatusField" time="11.272" errors="0" timestamp="2025-07-22T23:49:27 IST" skipped="0">
  <testcase classname="testcasestestng.TC03_CampaignCreationWithStatusField" name="createcampaign" time="11.272"/>
  <system-out>
    <![CDATA[DB Connectivity established
preconditions]]>
  </system-out>
</testsuite> <!-- testcasestestng.TC03_CampaignCreationWithStatusField -->
