<?xml version="1.0" encoding="UTF-8"?>
<!-- Generated by org.testng.reporters.JUnitReportReporter -->
<testsuite hostname="DESKTOP-HQFB8MF" failures="0" tests="1" name="testcasestestng.TC01_CreateCampaignTest" time="9.670" errors="0" timestamp="2025-07-26T07:22:24 IST" skipped="0">
  <testcase classname="testcasestestng.TC01_CreateCampaignTest" name="createcampaign" time="9.670"/>
  <system-out>
    <![CDATA[report configuration
DB Connectivity established
preconditions]]>
  </system-out>
</testsuite> <!-- testcasestestng.TC01_CreateCampaignTest -->
