<?xml version="1.0" encoding="UTF-8"?>
<!-- Generated by org.testng.reporters.JUnitReportReporter -->
<testsuite hostname="DESKTOP-HQFB8MF" failures="0" tests="1" name="testcasestestng.TC02_CamaignSelectDatedAfter30DaysTest" time="6.262" errors="0" timestamp="2025-07-26T07:13:01 IST" skipped="0">
  <testcase classname="testcasestestng.TC02_CamaignSelectDatedAfter30DaysTest" name="campainexpdate" time="6.262"/>
  <system-out>
    <![CDATA[DB Connectivity established
preconditions]]>
  </system-out>
</testsuite> <!-- testcasestestng.TC02_CamaignSelectDatedAfter30DaysTest -->
